#
# An unexpected error has been detected by Java Runtime Environment:
#
#  EXCEPTION_ACCESS_VIOLATION (0xc0000005) at pc=0x00136f55, pid=4592, tid=5396
#
# Java VM: Java HotSpot(TM) Client VM (11.0-b15 mixed mode, sharing windows-x86)
# Problematic frame:
# C  0x00136f55
#
# If you would like to submit a bug report, please visit:
#   http://java.sun.com/webapps/bugreport/crash.jsp
# The crash happened outside the Java Virtual Machine in native code.
# See problematic frame for where to report the bug.
#

---------------  T H R E A D  ---------------

Current thread (0x00aee800):  JavaThread "AWT-Windows" daemon [_thread_in_native, id=5396, stack(0x07880000,0x078d0000)]

siginfo: ExceptionCode=0xc0000005, reading address 0xffffffff

Registers:
EAX=0x000b0268, EBX=0x00000000, ECX=0x00136f50, EDX=0x00000000
ESP=0x078cf540, EBP=0x078cf550, ESI=0x00136f50, EDI=0x000f0758
EIP=0x00136f55, EFLAGS=0x00010206

Top of Stack: (sp=0x078cf540)
0x078cf540:   f0000b02 77e589fc 00000001 000f0610
0x078cf550:   078cf56c 77e5c2c6 000f0610 078cf5f4
0x078cf560:   000f0610 00000001 00136f50 078cf578
0x078cf570:   77e5c27b 078cf5f4 078cf584 77e596b7
0x078cf580:   078cf5c8 078cf594 77e595ec 078cf5c8
0x078cf590:   078cf6f4 078cf5a8 77e5a7cb 078cf5f4
0x078cf5a0:   7699fa30 078cf9ac 078cf990 77ed56cf
0x078cf5b0:   078cf5f4 00000000 77ed5695 078cfa80 

Instructions: (pc=0x00136f55)
0x00136f45:   00 70 00 1e 00 06 00 16 00 0c 00 10 5c 0e 00 f0
0x00136f55:   07 0f 00 00 00 01 00 01 00 00 00 00 00 00 00 00 


Stack: [0x07880000,0x078d0000],  sp=0x078cf540,  free space=317k
Native frames: (J=compiled Java code, j=interpreted, Vv=VM code, C=native code)
C  0x00136f55
C  [RPCRT4.dll+0xc2c6]
C  [RPCRT4.dll+0xc27b]
C  [RPCRT4.dll+0x96b7]
C  [RPCRT4.dll+0x95ec]
C  [RPCRT4.dll+0xa7cb]
C  [RPCRT4.dll+0x856cf]
C  [ole32.dll+0x676e2]
C  [ole32.dll+0x676a2]
C  [ole32.dll+0x74671]
C  [ole32.dll+0x7a3b6]
C  [awt.dll+0x9e8cb]
j  sun.awt.windows.WToolkit.eventLoop()V+0
j  sun.awt.windows.WToolkit.run()V+69
j  java.lang.Thread.run()V+11
v  ~StubRoutines::call_stub

Java frames: (J=compiled Java code, j=interpreted, Vv=VM code)
j  sun.awt.windows.WToolkit.eventLoop()V+0
j  sun.awt.windows.WToolkit.run()V+69
j  java.lang.Thread.run()V+11
v  ~StubRoutines::call_stub

---------------  P R O C E S S  ---------------

Java Threads: ( => current thread )
  0x06df9400 JavaThread "Thread-1" daemon [_thread_in_native, id=6984, stack(0x00c80000,0x00cd0000)]
  0x074a5c00 JavaThread "TimerQueue" daemon [_thread_blocked, id=2576, stack(0x00af0000,0x00b40000)]
  0x00314800 JavaThread "DestroyJavaVM" [_thread_blocked, id=6072, stack(0x00b50000,0x00ba0000)]
  0x0748c000 JavaThread "AWT-EventQueue-0" [_thread_blocked, id=492, stack(0x078d0000,0x07920000)]
=>0x00aee800 JavaThread "AWT-Windows" daemon [_thread_in_native, id=5396, stack(0x07880000,0x078d0000)]
  0x00a42000 JavaThread "AWT-Shutdown" [_thread_blocked, id=5408, stack(0x07830000,0x07880000)]
  0x00a41400 JavaThread "Java2D Disposer" daemon [_thread_blocked, id=5516, stack(0x077e0000,0x07830000)]
  0x00a27400 JavaThread "Low Memory Detector" daemon [_thread_blocked, id=4108, stack(0x07340000,0x07390000)]
  0x00a21000 JavaThread "CompilerThread0" daemon [_thread_blocked, id=2524, stack(0x072f0000,0x07340000)]
  0x00a1fc00 JavaThread "Attach Listener" daemon [_thread_blocked, id=1212, stack(0x072a0000,0x072f0000)]
  0x00a2e800 JavaThread "Signal Dispatcher" daemon [_thread_blocked, id=5612, stack(0x07250000,0x072a0000)]
  0x00a0d800 JavaThread "Finalizer" daemon [_thread_blocked, id=2940, stack(0x06960000,0x069b0000)]
  0x00a0c400 JavaThread "Reference Handler" daemon [_thread_blocked, id=3068, stack(0x06910000,0x06960000)]

Other Threads:
  0x00316c00 VMThread [stack: 0x034b0000,0x03500000] [id=5540]
  0x00a29400 WatcherThread [stack: 0x07390000,0x073e0000] [id=1184]

VM state:not at safepoint (normal execution)

VM Mutex/Monitor currently owned by a thread: None

Heap
 def new generation   total 1152K, used 1056K [0x229e0000, 0x22b20000, 0x22ec0000)
  eden space 1024K,  93% used [0x229e0000, 0x22ad0848, 0x22ae0000)
  from space 128K,  73% used [0x22b00000, 0x22b17840, 0x22b20000)
  to   space 128K,   0% used [0x22ae0000, 0x22ae0000, 0x22b00000)
 tenured generation   total 14592K, used 14201K [0x22ec0000, 0x23d00000, 0x269e0000)
   the space 14592K,  97% used [0x22ec0000, 0x23c9e520, 0x23c9e600, 0x23d00000)
 compacting perm gen  total 12288K, used 4322K [0x269e0000, 0x275e0000, 0x2a9e0000)
   the space 12288K,  35% used [0x269e0000, 0x26e18a90, 0x26e18c00, 0x275e0000)
    ro space 8192K,  63% used [0x2a9e0000, 0x2aef3b48, 0x2aef3c00, 0x2b1e0000)
    rw space 12288K,  53% used [0x2b1e0000, 0x2b847f38, 0x2b848000, 0x2bde0000)

Dynamic libraries:
0x00400000 - 0x00424000 	C:\WINDOWS\system32\java.exe
0x7c920000 - 0x7c9b6000 	C:\WINDOWS\system32\ntdll.dll
0x7c800000 - 0x7c91e000 	C:\WINDOWS\system32\kernel32.dll
0x77da0000 - 0x77e49000 	C:\WINDOWS\system32\ADVAPI32.dll
0x77e50000 - 0x77ee3000 	C:\WINDOWS\system32\RPCRT4.dll
0x77fc0000 - 0x77fd1000 	C:\WINDOWS\system32\Secur32.dll
0x7c340000 - 0x7c396000 	C:\Program Files\Java\jre6\bin\msvcr71.dll
0x6d800000 - 0x6da56000 	C:\Program Files\Java\jre6\bin\client\jvm.dll
0x77d10000 - 0x77da0000 	C:\WINDOWS\system32\USER32.dll
0x77ef0000 - 0x77f39000 	C:\WINDOWS\system32\GDI32.dll
0x76b10000 - 0x76b3a000 	C:\WINDOWS\system32\WINMM.dll
0x76300000 - 0x7631d000 	C:\WINDOWS\system32\IMM32.DLL
0x62c20000 - 0x62c29000 	C:\WINDOWS\system32\LPK.DLL
0x73fa0000 - 0x7400b000 	C:\WINDOWS\system32\USP10.dll
0x6d710000 - 0x6d732000 	C:\Program Files\Java\jre6\bin\splashscreen.dll
0x5adc0000 - 0x5adf7000 	C:\WINDOWS\system32\uxtheme.dll
0x77be0000 - 0x77c38000 	C:\WINDOWS\system32\msvcrt.dll
0x6d280000 - 0x6d288000 	C:\Program Files\Java\jre6\bin\hpi.dll
0x76bc0000 - 0x76bcb000 	C:\WINDOWS\system32\PSAPI.DLL
0x67340000 - 0x6741e000 	C:\Program Files\360\360Safe\safemon\safemon.dll
0x7d590000 - 0x7dd84000 	C:\WINDOWS\system32\SHELL32.dll
0x77f40000 - 0x77fb6000 	C:\WINDOWS\system32\SHLWAPI.dll
0x76990000 - 0x76ace000 	C:\WINDOWS\system32\ole32.dll
0x770f0000 - 0x7717b000 	C:\WINDOWS\system32\OLEAUT32.dll
0x77bd0000 - 0x77bd8000 	C:\WINDOWS\system32\VERSION.dll
0x3e410000 - 0x3e4f6000 	C:\WINDOWS\system32\WININET.dll
0x00c20000 - 0x00c29000 	C:\WINDOWS\system32\Normaliz.dll
0x43ce0000 - 0x43e13000 	C:\WINDOWS\system32\urlmon.dll
0x3eab0000 - 0x3ec9b000 	C:\WINDOWS\system32\iertutil.dll
0x71a20000 - 0x71a37000 	C:\WINDOWS\system32\WS2_32.dll
0x71a10000 - 0x71a18000 	C:\WINDOWS\system32\WS2HELP.dll
0x77180000 - 0x77283000 	C:\WINDOWS\WinSxS\x86_Microsoft.Windows.Common-Controls_6595b64144ccf1df_6.0.2600.6028_x-ww_61e65202\comctl32.dll
0x5d170000 - 0x5d20a000 	C:\WINDOWS\system32\comctl32.dll
0x74680000 - 0x746cc000 	C:\WINDOWS\system32\MSCTF.dll
0x73640000 - 0x7366e000 	C:\WINDOWS\system32\msctfime.ime
0x6d7b0000 - 0x6d7bc000 	C:\Program Files\Java\jre6\bin\verify.dll
0x6d320000 - 0x6d33f000 	C:\Program Files\Java\jre6\bin\java.dll
0x6d7f0000 - 0x6d7ff000 	C:\Program Files\Java\jre6\bin\zip.dll
0x10000000 - 0x102ea000 	C:\WINDOWS\system32\SOGOUPY.IME
0x762f0000 - 0x762f5000 	C:\WINDOWS\system32\MSIMG32.dll
0x03430000 - 0x034a3000 	d:\Program Files\SogouInput\6.2.0.7270\Resource.dll
0x76cb0000 - 0x76cd0000 	C:\WINDOWS\system32\NTMARTA.DLL
0x71b70000 - 0x71b83000 	C:\WINDOWS\system32\SAMLIB.dll
0x76f30000 - 0x76f5c000 	C:\WINDOWS\system32\WLDAP32.dll
0x06a50000 - 0x06a95000 	d:\Program Files\SogouInput\Components\AddressSearch\1.0.0.1137\AddressSearch.dll
0x06b10000 - 0x06bbe000 	d:\Program Files\SogouInput\Components\PicFace\1.0.0.772\PicFace.dll
0x6d000000 - 0x6d138000 	C:\Program Files\Java\jre6\bin\awt.dll
0x72f70000 - 0x72f96000 	C:\WINDOWS\system32\WINSPOOL.DRV
0x6d220000 - 0x6d274000 	C:\Program Files\Java\jre6\bin\fontmanager.dll
0x6d790000 - 0x6d798000 	C:\Program Files\Java\jre6\bin\sunmscapi.dll
0x765e0000 - 0x76673000 	C:\WINDOWS\system32\CRYPT32.dll
0x76db0000 - 0x76dc2000 	C:\WINDOWS\system32\MSASN1.dll
0x6d610000 - 0x6d623000 	C:\Program Files\Java\jre6\bin\net.dll
0x6d630000 - 0x6d639000 	C:\Program Files\Java\jre6\bin\nio.dll
0x5fdd0000 - 0x5fe25000 	C:\WINDOWS\system32\netapi32.dll
0x71a90000 - 0x71aa2000 	C:\WINDOWS\system32\MPR.dll
0x71b90000 - 0x71b9e000 	C:\WINDOWS\System32\ntlanman.dll
0x71c50000 - 0x71c65000 	C:\WINDOWS\System32\NETUI0.dll
0x71c10000 - 0x71c50000 	C:\WINDOWS\System32\NETUI1.dll
0x71c00000 - 0x71c07000 	C:\WINDOWS\System32\NETRAP.dll
0x75ed0000 - 0x75ed7000 	C:\WINDOWS\System32\drprov.dll
0x75ee0000 - 0x75eea000 	C:\WINDOWS\System32\davclnt.dll
0x07e10000 - 0x07e47000 	C:\WINDOWS\system32\netprovcredman.dll
0x76060000 - 0x761b6000 	C:\WINDOWS\system32\SETUPAPI.dll
0x76d70000 - 0x76d92000 	C:\WINDOWS\system32\appHelp.dll
0x76fa0000 - 0x7701f000 	C:\WINDOWS\system32\CLBCATQ.DLL
0x77020000 - 0x770ba000 	C:\WINDOWS\system32\COMRes.dll
0x76c00000 - 0x76c2e000 	C:\WINDOWS\system32\WINTRUST.dll
0x76c60000 - 0x76c88000 	C:\WINDOWS\system32\IMAGEHLP.dll
0x080c0000 - 0x08609000 	C:\WINDOWS\system32\xpsp2res.dll
0x08740000 - 0x08758000 	C:\Program Files\Common Files\TortoiseOverlays\TortoiseOverlays.dll
0x08760000 - 0x0876e000 	D:\Program Files\TortoiseSVN\bin\TortoiseStub.dll
0x08790000 - 0x08845000 	D:\Program Files\TortoiseSVN\bin\TortoiseSVN.dll
0x76750000 - 0x76759000 	C:\WINDOWS\system32\SHFOLDER.dll
0x6eec0000 - 0x6eee2000 	D:\Program Files\TortoiseSVN\bin\libapr_tsvn.dll
0x719c0000 - 0x719fe000 	C:\WINDOWS\system32\MSWSOCK.dll
0x78520000 - 0x785c3000 	C:\WINDOWS\WinSxS\x86_Microsoft.VC90.CRT_1fc8b3b9a1e18e3b_9.0.30729.5570_x-ww_0517bbc6\MSVCR90.dll
0x6ee60000 - 0x6ee92000 	D:\Program Files\TortoiseSVN\bin\libaprutil_tsvn.dll
0x08880000 - 0x0888d000 	D:\Program Files\TortoiseSVN\bin\intl3_tsvn.dll
0x78480000 - 0x7850e000 	C:\WINDOWS\WinSxS\x86_Microsoft.VC90.CRT_1fc8b3b9a1e18e3b_9.0.30729.5570_x-ww_0517bbc6\MSVCP90.dll
0x76590000 - 0x765de000 	C:\WINDOWS\System32\cscui.dll
0x76570000 - 0x7658c000 	C:\WINDOWS\System32\CSCDLL.dll
0x08a70000 - 0x090c2000 	d:\Program Files\Tracker Software\Shell Extensions\XCShInfo.dll
0x73aa0000 - 0x73ab5000 	C:\WINDOWS\system32\mscms.dll

VM Arguments:
java_command: portecle.jar
Launcher Type: SUN_STANDARD

Environment Variables:
JAVA_HOME=C:\Program Files\Java\jdk1.6.0_10
PATH=C:\cygwin\bin;C:\WINDOWS\system32;C:\WINDOWS;C:\WINDOWS\System32\Wbem;C:\Program Files\NTRU Cryptosystems\NTRU TCG Software Stack\bin\;D:\Program Files\TortoiseSVN\bin;E:\Program Files\Subversion\bin;C:\Program Files\Common Files\Thunder Network\KanKan\Codecs;C:\WINDOWS\system32\WindowsPowerShell\v1.0;C:\Program Files\Java\jdk1.6.0_10\bin;C:\Program Files\GnuWin32\bin;C:\Program Files\Common Files\Teleca Shared;C:\Program Files\Intel\WiFi\bin\;C:\Program Files\Common Files\Intel\WirelessCommon\;F:\android-sdk-windows\tools;E:\Program Files\Android\android-sdk\tools;E:\Program Files\Android\android-sdk\platform-tools;C:\Program Files\Java\jdk1.6.0_10\bin;E:\apache-ant-1.8.2\bin;d:\AppServ\Apache2.2\bin;d:\AppServ\php5;d:\AppServ\MySQL\bin;D:\Python26
USERNAME=zengll
OS=Windows_NT
PROCESSOR_IDENTIFIER=x86 Family 6 Model 42 Stepping 7, GenuineIntel



---------------  S Y S T E M  ---------------

OS: Windows XP Build 2600 Service Pack 3

CPU:total 4 (8 cores per cpu, 2 threads per core) family 6 model 10 stepping 7, cmov, cx8, fxsr, mmx, sse, sse2, sse3, ssse3, ht

Memory: 4k page, physical 2097151k(1883172k free), swap 4194303k(3548452k free)

vm_info: Java HotSpot(TM) Client VM (11.0-b15) for windows-x86 JRE (1.6.0_10-rc2-b32), built on Sep 12 2008 00:52:11 by "java_re" with MS VC++ 7.1

time: Tue Jan 08 11:14:50 2013
elapsed time: 3111 seconds

